\\NSTU-UWE12\USERS$\G2-POPE\WINDOWS\DESKTOP\ASSIGNMENT 1 C++ OCTAGON\ASSIGNMENT 1 C++ OCTAGON\DEBUG\ASSIGNMENT 1.OBJ
\\NSTU-UWE12\USERS$\G2-POPE\WINDOWS\DESKTOP\ASSIGNMENT 1 C++ OCTAGON\ASSIGNMENT 1 C++ OCTAGON\DEBUG\VC100.PDB
\\NSTU-UWE12\USERS$\G2-POPE\WINDOWS\DESKTOP\ASSIGNMENT 1 C++ OCTAGON\DEBUG\ASSIGNMENT 1 C++ OCTAGON.EXE
\\NSTU-UWE12\USERS$\G2-POPE\WINDOWS\DESKTOP\ASSIGNMENT 1 C++ OCTAGON\DEBUG\ASSIGNMENT 1 C++ OCTAGON.PDB
C:\USERS\GEORGE\DESKTOP\ASSIGNMENT 1 C++ OCTAGON\ASSIGNMENT 1 C++ OCTAGON\ASSIGNMENT 1 C++ OCTAGON\DEBUG\ASSIGNMENT 1 C++ OCTAGON.EXE.INTERMEDIATE.MANIFEST
C:\Users\George\Desktop\Assignment 1 C++ Octagon\Assignment 1 C++ Octagon\Assignment 1 C++ Octagon\Debug\Assignment 1 C++ Octagon.vcxprojResolveAssemblyReference.cache
C:\Users\George\Desktop\Assignment 1 C++ Octagon\Assignment 1 C++ Octagon\Assignment 1 C++ Octagon\Debug\Assignment 1 C++ Octagon.write.1.tlog
C:\USERS\GEORGE\DESKTOP\ASSIGNMENT 1 C++ OCTAGON\ASSIGNMENT 1 C++ OCTAGON\ASSIGNMENT 1 C++ OCTAGON\DEBUG\ASSIGNMENT 1.OBJ
C:\Users\George\Desktop\Assignment 1 C++ Octagon\Assignment 1 C++ Octagon\Assignment 1 C++ Octagon\Debug\cl.command.1.tlog
C:\Users\George\Desktop\Assignment 1 C++ Octagon\Assignment 1 C++ Octagon\Assignment 1 C++ Octagon\Debug\CL.read.1.tlog
C:\Users\George\Desktop\Assignment 1 C++ Octagon\Assignment 1 C++ Octagon\Assignment 1 C++ Octagon\Debug\CL.write.1.tlog
C:\Users\George\Desktop\Assignment 1 C++ Octagon\Assignment 1 C++ Octagon\Assignment 1 C++ Octagon\Debug\link.command.1.tlog
C:\Users\George\Desktop\Assignment 1 C++ Octagon\Assignment 1 C++ Octagon\Assignment 1 C++ Octagon\Debug\link.read.1.tlog
C:\Users\George\Desktop\Assignment 1 C++ Octagon\Assignment 1 C++ Octagon\Assignment 1 C++ Octagon\Debug\link.write.1.tlog
C:\Users\George\Desktop\Assignment 1 C++ Octagon\Assignment 1 C++ Octagon\Assignment 1 C++ Octagon\Debug\mt.command.1.tlog
C:\Users\George\Desktop\Assignment 1 C++ Octagon\Assignment 1 C++ Octagon\Assignment 1 C++ Octagon\Debug\mt.read.1.tlog
C:\Users\George\Desktop\Assignment 1 C++ Octagon\Assignment 1 C++ Octagon\Assignment 1 C++ Octagon\Debug\mt.write.1.tlog
C:\Users\George\Desktop\Assignment 1 C++ Octagon\Assignment 1 C++ Octagon\Assignment 1 C++ Octagon\Debug\vc100.idb
C:\USERS\GEORGE\DESKTOP\ASSIGNMENT 1 C++ OCTAGON\ASSIGNMENT 1 C++ OCTAGON\ASSIGNMENT 1 C++ OCTAGON\DEBUG\VC100.PDB
C:\USERS\GEORGE\DESKTOP\ASSIGNMENT 1 C++ OCTAGON\ASSIGNMENT 1 C++ OCTAGON\DEBUG\ASSIGNMENT 1 C++ OCTAGON.EXE
C:\USERS\GEORGE\DESKTOP\ASSIGNMENT 1 C++ OCTAGON\ASSIGNMENT 1 C++ OCTAGON\DEBUG\ASSIGNMENT 1 C++ OCTAGON.ILK
C:\USERS\GEORGE\DESKTOP\ASSIGNMENT 1 C++ OCTAGON\ASSIGNMENT 1 C++ OCTAGON\DEBUG\ASSIGNMENT 1 C++ OCTAGON.PDB
