E:\BU\MEM STICK - SEP 2014 - UNI YEAR 2\YEAR 2\C++ DEVELOPMENT\ASSIGNMENT 1 C++ OCTAGON\ASSIGNMENT 1 C++ OCTAGON\ASSIGNMENT 1 C++ OCTAGON\DEBUG\ASSIGNMENT 1.OBJ
E:\BU\MEM STICK - SEP 2014 - UNI YEAR 2\YEAR 2\C++ DEVELOPMENT\ASSIGNMENT 1 C++ OCTAGON\ASSIGNMENT 1 C++ OCTAGON\ASSIGNMENT 1 C++ OCTAGON\DEBUG\VC110.PDB
C:\USERS\GEORGE\DESKTOP\PORTFOLIO IMAGES\OTHER PROJECTS\C++ OCTOGON\C++ OCTAGON\ASSIGNMENT 1 C++ OCTAGON\DEBUG\OCTAGON.OBJ
C:\USERS\GEORGE\DESKTOP\PORTFOLIO IMAGES\OTHER PROJECTS\C++ OCTOGON\C++ OCTAGON\ASSIGNMENT 1 C++ OCTAGON\DEBUG\VC110.PDB
E:\BU\MEM STICK - SEP 2014 - UNI YEAR 2\YEAR 2\C++ DEVELOPMENT\ASSIGNMENT 1 C++ OCTAGON\ASSIGNMENT 1 C++ OCTAGON\DEBUG\ASSIGNMENT 1 C++ OCTAGON.ILK
E:\BU\MEM STICK - SEP 2014 - UNI YEAR 2\YEAR 2\C++ DEVELOPMENT\ASSIGNMENT 1 C++ OCTAGON\ASSIGNMENT 1 C++ OCTAGON\DEBUG\ASSIGNMENT 1 C++ OCTAGON.EXE
E:\BU\MEM STICK - SEP 2014 - UNI YEAR 2\YEAR 2\C++ DEVELOPMENT\ASSIGNMENT 1 C++ OCTAGON\ASSIGNMENT 1 C++ OCTAGON\DEBUG\ASSIGNMENT 1 C++ OCTAGON.PDB
C:\USERS\GEORGE\DESKTOP\PORTFOLIO IMAGES\OTHER PROJECTS\C++ OCTOGON\C++ OCTAGON\DEBUG\C++ OCTAGON.ILK
C:\USERS\GEORGE\DESKTOP\PORTFOLIO IMAGES\OTHER PROJECTS\C++ OCTOGON\C++ OCTAGON\DEBUG\C++ OCTAGON.EXE
C:\USERS\GEORGE\DESKTOP\PORTFOLIO IMAGES\OTHER PROJECTS\C++ OCTOGON\C++ OCTAGON\DEBUG\C++ OCTAGON.PDB
C:\Users\George\Desktop\portfolio images\other projects\c++ Octogon\C++ Octagon\Assignment 1 C++ Octagon\Debug\Assignment 1 C++ Octagon.vcxprojResolveAssemblyReference.cache
C:\Users\George\Desktop\portfolio images\other projects\c++ Octogon\C++ Octagon\Assignment 1 C++ Octagon\Debug\Assignment 1.obj
C:\Users\George\Desktop\portfolio images\other projects\c++ Octogon\C++ Octagon\Assignment 1 C++ Octagon\Debug\Octagon.obj
C:\Users\George\Desktop\portfolio images\other projects\c++ Octogon\C++ Octagon\Assignment 1 C++ Octagon\Debug\Assignment 1 C++ Octagon.write.1.tlog
C:\Users\George\Desktop\portfolio images\other projects\c++ Octogon\C++ Octagon\Assignment 1 C++ Octagon\Debug\cl.command.1.tlog
C:\Users\George\Desktop\portfolio images\other projects\c++ Octogon\C++ Octagon\Assignment 1 C++ Octagon\Debug\CL.read.1.tlog
C:\Users\George\Desktop\portfolio images\other projects\c++ Octogon\C++ Octagon\Assignment 1 C++ Octagon\Debug\CL.write.1.tlog
C:\Users\George\Desktop\portfolio images\other projects\c++ Octogon\C++ Octagon\Assignment 1 C++ Octagon\Debug\link-cvtres.read.1.tlog
C:\Users\George\Desktop\portfolio images\other projects\c++ Octogon\C++ Octagon\Assignment 1 C++ Octagon\Debug\link-cvtres.write.1.tlog
C:\Users\George\Desktop\portfolio images\other projects\c++ Octogon\C++ Octagon\Assignment 1 C++ Octagon\Debug\link-rc.read.1.tlog
C:\Users\George\Desktop\portfolio images\other projects\c++ Octogon\C++ Octagon\Assignment 1 C++ Octagon\Debug\link-rc.write.1.tlog
C:\Users\George\Desktop\portfolio images\other projects\c++ Octogon\C++ Octagon\Assignment 1 C++ Octagon\Debug\link.command.1.tlog
C:\Users\George\Desktop\portfolio images\other projects\c++ Octogon\C++ Octagon\Assignment 1 C++ Octagon\Debug\link.read.1.tlog
C:\Users\George\Desktop\portfolio images\other projects\c++ Octogon\C++ Octagon\Assignment 1 C++ Octagon\Debug\link.write.1.tlog
C:\Users\George\Desktop\portfolio images\other projects\c++ Octogon\C++ Octagon\Assignment 1 C++ Octagon\Debug\mt.command.1.tlog
C:\Users\George\Desktop\portfolio images\other projects\c++ Octogon\C++ Octagon\Assignment 1 C++ Octagon\Debug\mt.read.1.tlog
C:\Users\George\Desktop\portfolio images\other projects\c++ Octogon\C++ Octagon\Assignment 1 C++ Octagon\Debug\mt.write.1.tlog
C:\Users\George\Desktop\portfolio images\other projects\c++ Octogon\C++ Octagon\Assignment 1 C++ Octagon\Debug\Assignment 1 C++ Octagon.exe.intermediate.manifest
C:\Users\George\Desktop\portfolio images\other projects\c++ Octogon\C++ Octagon\Assignment 1 C++ Octagon\Debug\vc100.idb
C:\Users\George\Desktop\portfolio images\other projects\c++ Octogon\C++ Octagon\Assignment 1 C++ Octagon\Debug\vc110.idb
C:\Users\George\Desktop\portfolio images\other projects\c++ Octogon\C++ Octagon\Assignment 1 C++ Octagon\Debug\vc100.pdb
C:\Users\George\Desktop\portfolio images\other projects\c++ Octogon\C++ Octagon\Assignment 1 C++ Octagon\Debug\vc110.pdb
C:\Users\George\Desktop\portfolio images\other projects\c++ Octogon\C++ Octagon\Debug\C++ Octagon.pdb
C:\Users\George\Desktop\portfolio images\other projects\c++ Octogon\C++ Octagon\Debug\C++ Octagon.exe
C:\Users\George\Desktop\portfolio images\other projects\c++ Octogon\C++ Octagon\Debug\C++ Octagon.ilk
